[NotebookApp | WARNING] No nbgrader_config.py file found (rerun with --debug to see where nbgrader is looking)
[NotebookApp | INFO] Loading the validate_assignment nbgrader serverextension
[NotebookApp | INFO] Serving notebooks from local directory: /Users/allat/Documents/github/PyDat-0919/lectures-seminars
[NotebookApp | INFO] 0 active kernels
[NotebookApp | INFO] The Jupyter Notebook is running at:
[NotebookApp | INFO] http://localhost:8888/?token=ddd4633496314240ca36f558de11e0c9586cc7cd01aaeb93
[NotebookApp | INFO] Use Control-C to stop this server and shut down all kernels (twice to skip confirmation).
[NotebookApp | CRITICAL] 
    
    Copy/paste this URL into your browser when you connect for the first time,
    to login with a token:
        http://localhost:8888/?token=ddd4633496314240ca36f558de11e0c9586cc7cd01aaeb93&token=ddd4633496314240ca36f558de11e0c9586cc7cd01aaeb93
[NotebookApp | INFO] Accepting one-time-token-authenticated connection from ::1
[NotebookApp | INFO] Kernel started: fbf1f601-1ebd-4007-b767-a90f8aed4823
[NotebookApp | INFO] Adapting to protocol v5.1 for kernel fbf1f601-1ebd-4007-b767-a90f8aed4823
[NotebookApp | INFO] Starting buffering for fbf1f601-1ebd-4007-b767-a90f8aed4823:e802ebc36001455baf611e8c449b419d
[NotebookApp | INFO] Adapting to protocol v5.1 for kernel fbf1f601-1ebd-4007-b767-a90f8aed4823
[NotebookApp | INFO] Restoring connection for fbf1f601-1ebd-4007-b767-a90f8aed4823:e802ebc36001455baf611e8c449b419d
[NotebookApp | INFO] Saving file at /5-files/seminar-if-else-while.ipynb
[NotebookApp | INFO] Saving file at /5-files/seminar-if-else-while.ipynb
[NotebookApp | INFO] Saving file at /5-files/seminar-if-else-while.ipynb
[NotebookApp | INFO] Starting buffering for fbf1f601-1ebd-4007-b767-a90f8aed4823:e802ebc36001455baf611e8c449b419d
[NotebookApp | INFO] Kernel started: 486fa2de-f4d2-41cc-807b-75b06d98e8c1
[NotebookApp | INFO] Adapting to protocol v5.1 for kernel 486fa2de-f4d2-41cc-807b-75b06d98e8c1
[NotebookApp | INFO] Adapting to protocol v5.1 for kernel fbf1f601-1ebd-4007-b767-a90f8aed4823
[NotebookApp | INFO] Saving file at /5-files/seminar-if-else-while.ipynb
[NotebookApp | INFO] Starting buffering for fbf1f601-1ebd-4007-b767-a90f8aed4823:fe038eb5ed51437ab9c11b9d88410a03
[NotebookApp | INFO] Saving file at /5-files/seminar-functions.ipynb
[NotebookApp | INFO] Saving file at /5-files/seminar-functions.ipynb
[NotebookApp | INFO] Saving file at /5-files/seminar-functions.ipynb
[NotebookApp | INFO] Starting buffering for 486fa2de-f4d2-41cc-807b-75b06d98e8c1:a98aac7e9bf0454199a96d1b1262985a
[NotebookApp | INFO] Kernel started: 3cbdbb5f-5306-4ba2-b4db-513f2413b42e
[NotebookApp | INFO] 302 GET /notebooks/4-if-else-functions/1.png (::1) 3.53ms
[NotebookApp | INFO] 302 GET /notebooks/4-if-else-functions/2.png (::1) 1.13ms
[NotebookApp | INFO] Adapting to protocol v5.1 for kernel 3cbdbb5f-5306-4ba2-b4db-513f2413b42e
[NotebookApp | INFO] Saving file at /4-if-else-functions/if-else-while.ipynb
[NotebookApp | INFO] Starting buffering for 3cbdbb5f-5306-4ba2-b4db-513f2413b42e:387f4864c4af4f9f983f7dd01ab882b1
